Traceback (most recent call last):
  File "/opt/hostedtoolcache/Python/3.9.16/x64/lib/python3.9/site-packages/jupyter_cache/executors/utils.py", line 51, in single_nb_execution
    executenb(
  File "/opt/hostedtoolcache/Python/3.9.16/x64/lib/python3.9/site-packages/nbclient/client.py", line 1204, in execute
    return NotebookClient(nb=nb, resources=resources, km=km, **kwargs).execute()
  File "/opt/hostedtoolcache/Python/3.9.16/x64/lib/python3.9/site-packages/nbclient/util.py", line 84, in wrapped
    return just_run(coro(*args, **kwargs))
  File "/opt/hostedtoolcache/Python/3.9.16/x64/lib/python3.9/site-packages/nbclient/util.py", line 62, in just_run
    return loop.run_until_complete(coro)
  File "/opt/hostedtoolcache/Python/3.9.16/x64/lib/python3.9/asyncio/base_events.py", line 647, in run_until_complete
    return future.result()
  File "/opt/hostedtoolcache/Python/3.9.16/x64/lib/python3.9/site-packages/nbclient/client.py", line 663, in async_execute
    await self.async_execute_cell(
  File "/opt/hostedtoolcache/Python/3.9.16/x64/lib/python3.9/site-packages/nbclient/client.py", line 965, in async_execute_cell
    await self._check_raise_for_error(cell, cell_index, exec_reply)
  File "/opt/hostedtoolcache/Python/3.9.16/x64/lib/python3.9/site-packages/nbclient/client.py", line 862, in _check_raise_for_error
    raise CellExecutionError.from_cell_and_msg(cell, exec_reply_content)
nbclient.exceptions.CellExecutionError: An error occurred while executing the following cell:
------------------
import os
import requests
from tqdm import tqdm
from faker import Faker
from retry import retry
from pathlib import Path
from concurrent.futures import ThreadPoolExecutor, as_completed


cpu_cores = os.cpu_count()
requests.packages.urllib3.disable_warnings()


class downloader_https():
    def __init__(self, url, show_info = True, resume=True, filename=None, num_threads=cpu_cores, timeout=10, chunk_size=1024*1000, header=None, proxies=None):
        """
        :param url: ä¸‹è½½åœ°å€
        :param filename: æŒ‡å®šä¸‹è½½æ–‡ä»¶å ä¸æŒ‡å®šåˆ™æ ¹æ®urlæˆªå–å‘½å
        """
        self.url = url
        self.show_info = show_info
        self.resume = resume
        self.chunk_size = chunk_size  # è®¾ç½®ä¸‹è½½æ–‡ä»¶å—å¤§å° å•ä½ä¸ºå­—èŠ‚ï¼ˆå¤šçº¿ç¨‹ä¸‹è½½æ—¶ï¼Œä¸€ä¸ªçº¿ç¨‹ä¸‹è½½ä¸€å°å—ï¼‰
        self.filename = filename
        self.num_threads = num_threads
        self.proxies = proxies
        self.timeout = timeout
        self.file_type = None
        self.accept_ranges = None
        self.content_length = None
        self.transfer_encoding = None
        if header is None:
            self.header = {}
            self.header.setdefault('User-Agent', Faker().user_agent())
        elif 'User-Agent' not in header:
            self.header.setdefault('User-Agent', Faker().user_agent())
        else:
            self.header = header

    @retry(tries=3)
    def check_url(self):
        """
        åˆ¤æ–­urlæ˜¯å¦æ”¯æŒæ–­ç‚¹ç»­ä¼ åŠŸèƒ½ and æ˜¯å¦æ”¯æŒå¤šçº¿ç¨‹ï¼ˆæ–‡ä»¶å†…å®¹æ˜¯å¦ä¸ºé›¶ï¼‰
        """
        # æ–‡ä»¶å¤„ç†
        _, filename = os.path.split(self.url)
        self.filename = self.filename or filename

        res = requests.head(self.url, headers=self.header, proxies=self.proxies, timeout=self.timeout, allow_redirects=True, verify=False)  # verify=False å…³é—­sslåŒå‘éªŒè¯ï¼Œè§£å†³è®¿é—®httpsæŠ¥é”™é—®é¢˜

        if not (200 <= res.status_code < 400):
            raise Exception('Bad request!')

        headers = res.headers
        self.file_type = headers.get('Content-Type')
        self.accept_ranges = headers.get('Accept-Ranges')
        self.transfer_encoding = headers.get('Transfer-Encoding')

        if self.transfer_encoding == "chunked" or self.transfer_encoding == "gzip, chunked":
            self.num_threads = 1
            self.content_length = 0
        else:
            lengths = headers.get('Content-Length')
            if lengths == None:
                self.content_length = 0
            else:
                self.content_length = int(lengths)


    def get_range(self, start=0):
        """
        æ ¹æ®è®¾ç½®çš„ç¼“å­˜å¤§å°ä»¥åŠæ–‡ä»¶å¤§å°åˆ’åˆ†å­—èŠ‚åºåˆ—
        eg: [(0, 1023), (1024, 2047), (2048, 3071) ...]
        """
        if self.transfer_encoding == "chunked" or self.transfer_encoding == "gzip, chunked":
            _range = [(start, '')]
        else:
            lst = range(start, self.content_length, self.chunk_size)   
            _range = list(zip(lst[:-1], [i - 1 for i in lst[1:]]))
            _range.append((lst[-1], ''))

        return _range


    @retry(tries=5)
    def download_by_piece(self, _range):
        start, stop = _range
        headers = {**self.header, **{"Range": f"bytes={start}-{stop}"}} # merge

        res = requests.get(self.url, headers=headers, proxies=self.proxies, timeout=self.timeout, allow_redirects=True, verify=False)
        if res.status_code != 206:
            raise Exception(f'Request raise error, url: {self.url}, range: {_range}')
        return _range, res.content


    def download(self):
        start = 0
        self.check_url()

        if self.accept_ranges != "bytes":
            if self.show_info:
                print(f'--- Mission ---: {self.url} download from scratch || with single thread, do not support breakpoint resuming')
            
            file_path = Path(self.filename)

            res = requests.get(self.url, 
                                headers=self.header, 
                                proxies=self.proxies, 
                                timeout=self.timeout, 
                                allow_redirects=True, 
                                verify=False)

            if res.status_code != 206:
                raise Exception(f'Request raise error, url: {self.url}')
 
            # å°†ä¸‹è½½çš„å—å†™å…¥æ–‡ä»¶
            open(file_path, 'w').close()  # ç”Ÿæˆ0æ–‡ä»¶
            with open(self.filename, 'rb+') as fp:
                fp.seek(0)
                fp.write(res.content)

            if self.show_info:
                print(f'--- File ---: {self.filename} download completely')
        else:
            file_path = Path(self.filename)

            if self.resume:
                open(file_path, 'w+').close()
                start = 0
                if self.show_info:
                    print(f'--- Mission ---: {self.url} download from scratch || with {self.num_threads} threads, support breakpoint resuming')

            else:
                if file_path.exists():
                    # æ–‡ä»¶å·²å­˜åœ¨ å¹¶ä¸”æ”¯æŒæ–­ç‚¹ç»­ä¼ ï¼Œå¯ä»¥ä»ç°æœ‰æ–‡ä»¶åŸºç¡€ä¸Šç»§ç»­ä¸‹è½½
                    start = file_path.lstat().st_size
                    if self.show_info:
                        print(f'--- Mission ---: {self.url} download from breakpoint || with {self.num_threads} threads, support breakpoint resuming')

                    # If file have already downloaded 
                    if start == self.content_length:
                        if self.show_info:
                            print(f'--- File ---: {self.filename} has already been downloaded completely')
                        return
                else:
                    open(file_path, 'w+').close() # ç”Ÿæˆæ–‡ä»¶
                    start = 0
                    if self.show_info:
                        print(f'--- Mission ---: {self.url} download from scratch || with {self.num_threads} threads, support breakpoint resuming')

            # åˆå§‹åŒ–è¿›åº¦æ¡
            if self.show_info:
                pbar = tqdm(total=self.content_length,
                        initial=start,
                        unit='B',
                        unit_scale=True,
                        desc=self.filename,
                        unit_divisor=1024)
            
            # ä½¿ç”¨å¤šçº¿æ± æ¥åˆ›å»ºçº¿ç¨‹
            with ThreadPoolExecutor(max_workers=self.num_threads) as pool:
                res = [pool.submit(self.download_by_piece, r) for r in self.get_range(start=start)] # or use map function

                # å°†ä¸‹è½½çš„å—å†™å…¥æ–‡ä»¶
                with open(self.filename, 'rb+') as fp:
                    for item in as_completed(res):
                        _range, content = item.result()
                        start, stop = _range
                        fp.seek(start)
                        fp.write(content)
                        # æ›´æ–°è¿›åº¦æ¡
                        if self.show_info:
                            pbar.update(self.chunk_size)

            if self.show_info:
                pbar.close()
                print(f'--- File ---: {self.filename} download completely')


    def print(self):
        self.check_url()
        print( "self.url = ", self.url, '\n',
            "self.resume = ", self.resume, '\n',
            "self.chunk_size = ", self.chunk_size, '\n',  # è®¾ç½®ä¸‹è½½æ–‡ä»¶å—å¤§å° å•ä½ä¸ºå­—èŠ‚ï¼ˆå¤šçº¿ç¨‹ä¸‹è½½æ—¶ï¼Œä¸€ä¸ªçº¿ç¨‹ä¸‹è½½ä¸€å°å—ï¼‰
            "self.filename = ", self.filename, '\n',
            "self.num_threads = ", self.num_threads, '\n',
            "self.proxies = ", self.proxies, '\n',
            "self.timeout = ", self.timeout, '\n',
            "self.file_type = ", self.file_type, '\n',
            "self.accept_ranges = ", self.accept_ranges, '\n',
            "self.content_length = ", self.content_length, '\n',
            "self.transfer_encoding = ", self.transfer_encoding, '\n',
            "self.header = ", self.header
            )

if __name__ == '__main__':
    url = "https://github.com/OUCyf/Latex-Template-Rice-USTC/raw/gh-pages/main.pdf"
    d = downloader_https(url, 
            num_threads = 4,
            show_info = False,
            resume = True, 
            chunk_size = 1024*100, 
            filename = None,  
            header = None, 
            proxies = None, 
            timeout = 10)
    d.download()
    d.print()
------------------

[0;31m---------------------------------------------------------------------------[0m
[0;31mModuleNotFoundError[0m                       Traceback (most recent call last)
Cell [0;32mIn[9], line 3[0m
[1;32m      1[0m [38;5;28;01mimport[39;00m [38;5;21;01mos[39;00m
[1;32m      2[0m [38;5;28;01mimport[39;00m [38;5;21;01mrequests[39;00m
[0;32m----> 3[0m [38;5;28;01mfrom[39;00m [38;5;21;01mtqdm[39;00m [38;5;28;01mimport[39;00m tqdm
[1;32m      4[0m [38;5;28;01mfrom[39;00m [38;5;21;01mfaker[39;00m [38;5;28;01mimport[39;00m Faker
[1;32m      5[0m [38;5;28;01mfrom[39;00m [38;5;21;01mretry[39;00m [38;5;28;01mimport[39;00m retry

[0;31mModuleNotFoundError[0m: No module named 'tqdm'
ModuleNotFoundError: No module named 'tqdm'

